C:\USERS\LENOVO\GITREPO\MO06\MO06\DEBUG\MO06.PCH
C:\USERS\LENOVO\GITREPO\MO06\MO06\DEBUG\STDAFX.OBJ
C:\USERS\LENOVO\GITREPO\MO06\MO06\DEBUG\VC110.PDB
C:\USERS\LENOVO\GITREPO\MO06\MO06\DEBUG\MO06.OBJ
C:\USERS\LENOVO\GITREPO\MO06\DEBUG\MO06.ILK
C:\USERS\LENOVO\GITREPO\MO06\DEBUG\MO06.EXE
C:\USERS\LENOVO\GITREPO\MO06\DEBUG\MO06.PDB
C:\Users\Lenovo\GitRepo\MO06\MO06\Debug\stdafx.obj
C:\Users\Lenovo\GitRepo\MO06\MO06\Debug\cl.command.1.tlog
C:\Users\Lenovo\GitRepo\MO06\MO06\Debug\CL.read.1.tlog
C:\Users\Lenovo\GitRepo\MO06\MO06\Debug\CL.write.1.tlog
C:\Users\Lenovo\GitRepo\MO06\MO06\Debug\link-cvtres.read.1.tlog
C:\Users\Lenovo\GitRepo\MO06\MO06\Debug\link-cvtres.write.1.tlog
C:\Users\Lenovo\GitRepo\MO06\MO06\Debug\link-rc.read.1.tlog
C:\Users\Lenovo\GitRepo\MO06\MO06\Debug\link-rc.write.1.tlog
C:\Users\Lenovo\GitRepo\MO06\MO06\Debug\link.command.1.tlog
C:\Users\Lenovo\GitRepo\MO06\MO06\Debug\link.read.1.tlog
C:\Users\Lenovo\GitRepo\MO06\MO06\Debug\link.write.1.tlog
C:\Users\Lenovo\GitRepo\MO06\MO06\Debug\MO06.pch
C:\Users\Lenovo\GitRepo\MO06\MO06\Debug\vc110.idb
C:\Users\Lenovo\GitRepo\MO06\MO06\Debug\vc110.pdb
C:\Users\Lenovo\GitRepo\MO06\Debug\MO06.pdb
C:\Users\Lenovo\GitRepo\MO06\Debug\MO06.exe
C:\Users\Lenovo\GitRepo\MO06\Debug\MO06.ilk
